<?xml version="1.0" encoding="UTF-8"?>
<robot generator="Rebot 7.2.2 (Python 3.13.3 on darwin)" generated="2025-05-18T23:49:47.736343" rpa="false" schemaversion="5">
<suite id="s1" name="Tests" source="/Users/nguyettruong/Documents/robotFramework/tests">
<suite id="s1-s1" name="Login Test" source="/Users/nguyettruong/Documents/robotFramework/tests/login_test.robot">
<test id="s1-s1-t1" name="Open Example Website" line="8">
<kw name="Open Browser" owner="SeleniumLibrary">
<msg time="2025-05-18T23:49:42.240941" level="INFO">Opening browser 'chrome' to base url 'https://www.google.com/'.</msg>
<arg>${URL}</arg>
<arg>chrome</arg>
<doc>Opens a new browser instance to the optional ``url``.</doc>
<status status="PASS" start="2025-05-18T23:49:42.240803" elapsed="4.658395"/>
</kw>
<kw name="Title Should Be" owner="SeleniumLibrary">
<msg time="2025-05-18T23:49:47.366037" level="INFO" html="true">&lt;/td&gt;&lt;/tr&gt;&lt;tr&gt;&lt;td colspan="3"&gt;&lt;a href="0-selenium-screenshot-1.png"&gt;&lt;img src="0-selenium-screenshot-1.png" width="800px"&gt;&lt;/a&gt;</msg>
<msg time="2025-05-18T23:49:47.366166" level="FAIL">Title should have been 'Example Domain' but was 'Google'.</msg>
<arg>Example Domain</arg>
<doc>Verifies that the current page title equals ``title``.</doc>
<status status="FAIL" start="2025-05-18T23:49:46.899611" elapsed="0.468937">Title should have been 'Example Domain' but was 'Google'.</status>
</kw>
<kw name="Close Browser" owner="SeleniumLibrary">
<doc>Closes the current browser.</doc>
<status status="NOT RUN" start="2025-05-18T23:49:47.368675" elapsed="0.000031"/>
</kw>
<tag>regression</tag>
<tag>search</tag>
<status status="FAIL" start="2025-05-18T23:49:42.240263" elapsed="5.128541">Title should have been 'Example Domain' but was 'Google'.</status>
</test>
<status status="FAIL" start="2025-05-18T23:49:42.167000" elapsed="5.129000"/>
</suite>
<suite id="s1-s2" name="Test Login" source="/Users/nguyettruong/Documents/robotFramework/tests/test_login.robot">
<test id="s1-s2-t1" name="Login With Valid Credentials" line="2">
<kw name="Log To Console" owner="BuiltIn">
<arg>Logging in with valid credentials</arg>
<doc>Logs the given message to the console.</doc>
<status status="PASS" start="2025-05-18T23:49:42.168810" elapsed="0.000129"/>
</kw>
<kw name="Sleep" owner="BuiltIn">
<msg time="2025-05-18T23:49:44.170780" level="INFO">Slept 2 seconds.</msg>
<arg>2s</arg>
<doc>Pauses the test executed for the given time.</doc>
<status status="PASS" start="2025-05-18T23:49:42.169023" elapsed="2.002740"/>
</kw>
<tag>regression</tag>
<tag>search</tag>
<status status="PASS" start="2025-05-18T23:49:42.168426" elapsed="2.004146"/>
</test>
<status status="PASS" start="2025-05-18T23:49:42.167910" elapsed="2.006365"/>
</suite>
<doc>[https://pabot.org/?ref=log|Pabot] result from 2 executions.</doc>
<status status="FAIL" start="2025-05-18T23:49:42.161000" elapsed="5.129000"/>
</suite>
<statistics>
<total>
<stat pass="1" fail="1" skip="0">All Tests</stat>
</total>
<tag>
<stat pass="1" fail="1" skip="0">regression</stat>
<stat pass="1" fail="1" skip="0">search</stat>
</tag>
<suite>
<stat name="Tests" id="s1" pass="1" fail="1" skip="0">Tests</stat>
<stat name="Login Test" id="s1-s1" pass="0" fail="1" skip="0">Tests.Login Test</stat>
<stat name="Test Login" id="s1-s2" pass="1" fail="0" skip="0">Tests.Test Login</stat>
</suite>
</statistics>
<errors>
</errors>
</robot>
