<?xml version="1.0" encoding="UTF-8"?>
<robot generator="Robot 7.2.2 (Python 3.13.3 on darwin)" generated="2025-05-18T23:46:00.677463" rpa="false" schemaversion="5">
<suite id="s1" name="Tests" source="/Users/nguyettruong/Documents/robotFramework/tests">
<suite id="s1-s1" name="Test Search" source="/Users/nguyettruong/Documents/robotFramework/tests/test_search.robot">
<test id="s1-s1-t1" name="Search Feature Works" line="2">
<kw name="Log To Console" owner="BuiltIn">
<arg>Searching for item</arg>
<doc>Logs the given message to the console.</doc>
<status status="PASS" start="2025-05-18T23:46:00.692263" elapsed="0.000129"/>
</kw>
<kw name="Sleep" owner="BuiltIn">
<msg time="2025-05-18T23:46:02.693963" level="INFO">Slept 2 seconds.</msg>
<arg>2s</arg>
<doc>Pauses the test executed for the given time.</doc>
<status status="PASS" start="2025-05-18T23:46:00.692475" elapsed="2.005209"/>
</kw>
<status status="PASS" start="2025-05-18T23:46:00.691880" elapsed="2.006631"/>
</test>
<status status="PASS" start="2025-05-18T23:46:00.691351" elapsed="2.008123"/>
</suite>
<status status="PASS" start="2025-05-18T23:46:00.684924" elapsed="2.015452"/>
</suite>
<statistics>
<total>
<stat pass="1" fail="0" skip="0">All Tests</stat>
</total>
<tag>
</tag>
<suite>
<stat name="Tests" id="s1" pass="1" fail="0" skip="0">Tests</stat>
<stat name="Test Search" id="s1-s1" pass="1" fail="0" skip="0">Tests.Test Search</stat>
</suite>
</statistics>
<errors>
</errors>
</robot>
