<?xml version="1.0" encoding="UTF-8"?>
<robot generator="Robot 7.2.2 (Python 3.13.3 on darwin)" generated="2025-05-18T23:46:00.677254" rpa="false" schemaversion="5">
<suite id="s1" name="Tests" source="/Users/nguyettruong/Documents/robotFramework/tests">
<suite id="s1-s1" name="Test Login" source="/Users/nguyettruong/Documents/robotFramework/tests/test_login.robot">
<test id="s1-s1-t1" name="Login With Valid Credentials" line="2">
<kw name="Log To Console" owner="BuiltIn">
<arg>Logging in with valid credentials</arg>
<doc>Logs the given message to the console.</doc>
<status status="PASS" start="2025-05-18T23:46:00.692272" elapsed="0.000137"/>
</kw>
<kw name="Sleep" owner="BuiltIn">
<msg time="2025-05-18T23:46:02.697589" level="INFO">Slept 2 seconds.</msg>
<arg>2s</arg>
<doc>Pauses the test executed for the given time.</doc>
<status status="PASS" start="2025-05-18T23:46:00.692493" elapsed="2.005671"/>
</kw>
<status status="PASS" start="2025-05-18T23:46:00.691862" elapsed="2.006977"/>
</test>
<status status="PASS" start="2025-05-18T23:46:00.691361" elapsed="2.008310"/>
</suite>
<status status="PASS" start="2025-05-18T23:46:00.685013" elapsed="2.015454"/>
</suite>
<statistics>
<total>
<stat pass="1" fail="0" skip="0">All Tests</stat>
</total>
<tag>
</tag>
<suite>
<stat name="Tests" id="s1" pass="1" fail="0" skip="0">Tests</stat>
<stat name="Test Login" id="s1-s1" pass="1" fail="0" skip="0">Tests.Test Login</stat>
</suite>
</statistics>
<errors>
</errors>
</robot>
